<?xml version="1.0" encoding="UTF-8"?>
<testsuite xmlns:xsi="http://www.w3.org/2001/XMLSchema-instance" xsi:noNamespaceSchemaLocation="https://maven.apache.org/surefire/maven-surefire-plugin/xsd/surefire-test-report-3.0.xsd" version="3.0" name="musicmania.backend.BackendApplicationTests" time="8.146" tests="1" errors="0" skipped="0" failures="0">
  <properties>
[...]
</properties>
  <testcase name="contextLoads" classname="musicmania.backend.BackendApplicationTests" time="0.707">
    <system-out><![CDATA[00:11:31.817 [main] INFO org.springframework.test.context.support.AnnotationConfigContextLoaderUtils -- Could not detect default configuration classes for test class [musicmania.backend.BackendApplicationTests]: BackendApplicationTests does not declare any static, non-private, non-final, nested classes annotated with @Configuration.
00:11:31.997 [main] INFO org.springframework.boot.test.context.SpringBootTestContextBootstrapper -- Found @SpringBootConfiguration musicmania.backend.BackendApplication for test class musicmania.backend.BackendApplicationTests

  .   ____          _            __ _ _
 /\\ / ___'_ __ _ _(_)_ __  __ _ \ \ \ \
( ( )\___ | '_ | '_| | '_ \/ _` | \ \ \ \
 \\/  ___)| |_)| | | | | || (_| |  ) ) ) )
  '  |____| .__|_| |_|_| |_\__, | / / / /
 =========|_|==============|___/=/_/_/_/
 :: Spring Boot ::                (v3.1.4)

2023-11-17T00:11:32.667+02:00  INFO 55363 --- [           main] m.backend.BackendApplicationTests        : Starting BackendApplicationTests using Java 21 with PID 55363 (started by roberthevesi in /Users/roberthevesi/Coding/music-mania/music-mania-backend)
2023-11-17T00:11:32.669+02:00  INFO 55363 --- [           main] m.backend.BackendApplicationTests        : No active profile set, falling back to 1 default profile: "default"
2023-11-17T00:11:33.946+02:00  INFO 55363 --- [           main] .s.d.r.c.RepositoryConfigurationDelegate : Bootstrapping Spring Data JPA repositories in DEFAULT mode.
2023-11-17T00:11:34.053+02:00  INFO 55363 --- [           main] .s.d.r.c.RepositoryConfigurationDelegate : Finished Spring Data repository scanning in 89 ms. Found 2 JPA repository interfaces.
2023-11-17T00:11:34.804+02:00  INFO 55363 --- [           main] o.hibernate.jpa.internal.util.LogHelper  : HHH000204: Processing PersistenceUnitInfo [name: default]
2023-11-17T00:11:34.928+02:00  INFO 55363 --- [           main] org.hibernate.Version                    : HHH000412: Hibernate ORM core version 6.2.9.Final
2023-11-17T00:11:34.931+02:00  INFO 55363 --- [           main] org.hibernate.cfg.Environment            : HHH000406: Using bytecode reflection optimizer
2023-11-17T00:11:35.216+02:00  INFO 55363 --- [           main] o.h.b.i.BytecodeProviderInitiator        : HHH000021: Bytecode provider name : bytebuddy
2023-11-17T00:11:35.449+02:00  INFO 55363 --- [           main] o.s.o.j.p.SpringPersistenceUnitInfo      : No LoadTimeWeaver setup: ignoring JPA class transformer
2023-11-17T00:11:35.476+02:00  INFO 55363 --- [           main] com.zaxxer.hikari.HikariDataSource       : HikariPool-1 - Starting...
2023-11-17T00:11:35.795+02:00  INFO 55363 --- [           main] com.zaxxer.hikari.pool.HikariPool        : HikariPool-1 - Added connection org.postgresql.jdbc.PgConnection@4bf4680c
2023-11-17T00:11:35.799+02:00  INFO 55363 --- [           main] com.zaxxer.hikari.HikariDataSource       : HikariPool-1 - Start completed.
2023-11-17T00:11:36.185+02:00  INFO 55363 --- [           main] o.h.b.i.BytecodeProviderInitiator        : HHH000021: Bytecode provider name : bytebuddy
2023-11-17T00:11:37.080+02:00  INFO 55363 --- [           main] o.h.e.t.j.p.i.JtaPlatformInitiator       : HHH000490: Using JtaPlatform implementation: [org.hibernate.engine.transaction.jta.platform.internal.NoJtaPlatform]
Hibernate: 
    drop table if exists songs cascade
Hibernate: 
    drop table if exists users cascade
Hibernate: 
    create table songs (
        id bigserial not null,
        artist varchar(255),
        title varchar(255),
        audio_data bytea,
        primary key (id)
    )
Hibernate: 
    create table users (
        score integer,
        id bigserial not null,
        email varchar(255),
        first_name varchar(255),
        last_name varchar(255),
        password varchar(255),
        profile_pictureurl varchar(255),
        username varchar(255),
        primary key (id)
    )
2023-11-17T00:11:37.221+02:00  INFO 55363 --- [           main] j.LocalContainerEntityManagerFactoryBean : Initialized JPA EntityManagerFactory for persistence unit 'default'
2023-11-17T00:11:37.930+02:00  WARN 55363 --- [           main] JpaBaseConfiguration$JpaWebConfiguration : spring.jpa.open-in-view is enabled by default. Therefore, database queries may be performed during view rendering. Explicitly configure spring.jpa.open-in-view to disable this warning
2023-11-17T00:11:38.227+02:00  INFO 55363 --- [           main] o.s.s.web.DefaultSecurityFilterChain     : Will secure Ant [pattern='/**'] with [org.springframework.security.web.session.DisableEncodeUrlFilter@1bb78ae, org.springframework.security.web.context.request.async.WebAsyncManagerIntegrationFilter@3ee2d546, org.springframework.security.web.context.SecurityContextHolderFilter@51f009ef, org.springframework.security.web.header.HeaderWriterFilter@52ba21e4, org.springframework.security.web.authentication.logout.LogoutFilter@84eafc2, org.springframework.security.oauth2.server.resource.web.authentication.BearerTokenAuthenticationFilter@3140ad41, org.springframework.security.web.authentication.www.BasicAuthenticationFilter@123e9094, org.springframework.security.web.savedrequest.RequestCacheAwareFilter@6c96346b, org.springframework.security.web.servletapi.SecurityContextHolderAwareRequestFilter@9734cae, org.springframework.security.web.authentication.AnonymousAuthenticationFilter@58be583e, org.springframework.security.web.session.SessionManagementFilter@7e9ed4df, org.springframework.security.web.access.ExceptionTranslationFilter@799206ad, org.springframework.security.web.access.intercept.FilterSecurityInterceptor@39451d92]
2023-11-17T00:11:38.908+02:00  INFO 55363 --- [           main] m.backend.BackendApplicationTests        : Started BackendApplicationTests in 6.653 seconds (process running for 8.218)
]]></system-out>
    <system-err><![CDATA[WARNING: A Java agent has been loaded dynamically (/Users/roberthevesi/.m2/repository/net/bytebuddy/byte-buddy-agent/1.14.8/byte-buddy-agent-1.14.8.jar)
WARNING: If a serviceability tool is in use, please run with -XX:+EnableDynamicAgentLoading to hide this warning
WARNING: If a serviceability tool is not in use, please run with -Djdk.instrument.traceUsage for more information
WARNING: Dynamic loading of agents will be disallowed by default in a future release
]]></system-err>
  </testcase>
</testsuite>